<?xml version="1.0" encoding="utf-8"?><testsuites><testsuite errors="0" failures="0" hostname="DESKTOP-KIIG3OL" name="pytest" skipped="0" tests="12" time="0.033" timestamp="2022-01-16T22:04:39.818667"><testcase classname="module_unittests.TestCodeChallenges" name="test_codChallenge005" time="0.001" /><testcase classname="module_unittests.TestCodeChallenges" name="test_codeChallenge001" time="0.000" /><testcase classname="module_unittests.TestCodeChallenges" name="test_codeChallenge002" time="0.001" /><testcase classname="module_unittests.TestCodeChallenges" name="test_codeChallenge004" time="0.000" /><testcase classname="module_unittests.TestCodeChallenges" name="test_codeChallenge006" time="0.000" /><testcase classname="module_unittests.TestCodeChallenges" name="test_codeChallenge008" time="0.001" /><testcase classname="module_unittests.TestCodeChallenges" name="test_codeChallenge009" time="0.000" /><testcase classname="module_unittests.TestCodeChallenges" name="test_codeChallenge010" time="0.000" /><testcase classname="module_unittests.TestCodeChallenges" name="test_codeChallenge011" time="0.001" /><testcase classname="module_unittests.TestCodeChallenges" name="test_codeChallenge012" time="0.001" /><testcase classname="module_unittests.TestCodeChallenges" name="test_codeChallenge013" time="0.001" /><testcase classname="module_unittests.TestCodeChallenges" name="test_codeChallenge016" time="0.001" /></testsuite></testsuites>